<?xml version="1.0" encoding="UTF-8"?>
<testng-results skipped="0" failed="0" total="1" passed="1">
  <reporter-output>
  </reporter-output>
  <suite name="Default suite" duration-ms="14837" started-at="2019-09-23T07:05:10Z" finished-at="2019-09-23T07:05:25Z">
    <groups>
    </groups>
    <test name="Default test" duration-ms="14837" started-at="2019-09-23T07:05:10Z" finished-at="2019-09-23T07:05:25Z">
      <class name="DriverFactory.AppTest">
        <test-method status="PASS" signature="kickStart()[pri:0, instance:DriverFactory.AppTest@1d057a39]" name="kickStart" duration-ms="14817" started-at="2019-09-23T12:35:10Z" finished-at="2019-09-23T12:35:25Z">
          <reporter-output>
          </reporter-output>
        </test-method> <!-- kickStart -->
      </class> <!-- DriverFactory.AppTest -->
    </test> <!-- Default test -->
  </suite> <!-- Default suite -->
</testng-results>
