<?xml version="1.0" encoding="UTF-8"?>
<testng-results skipped="0" failed="0" ignored="0" total="1" passed="1">
  <reporter-output>
  </reporter-output>
  <suite name="Command line suite" duration-ms="45368" started-at="2019-09-23T07:56:31Z" finished-at="2019-09-23T07:57:16Z">
    <groups>
    </groups>
    <test name="Command line test" duration-ms="45368" started-at="2019-09-23T07:56:31Z" finished-at="2019-09-23T07:57:16Z">
      <class name="DriverFactory.AppTest">
        <test-method status="PASS" signature="kickStart()[pri:0, instance:DriverFactory.AppTest@62043840]" name="kickStart" duration-ms="45334" started-at="2019-09-23T07:56:31Z" finished-at="2019-09-23T07:57:16Z">
          <reporter-output>
          </reporter-output>
        </test-method> <!-- kickStart -->
      </class> <!-- DriverFactory.AppTest -->
    </test> <!-- Command line test -->
  </suite> <!-- Command line suite -->
</testng-results>
