<?xml version="1.0" encoding="UTF-8"?>
<testng-results skipped="0" failed="0" ignored="0" total="1" passed="1">
  <reporter-output>
  </reporter-output>
  <suite name="Command line suite" duration-ms="7" started-at="2019-09-23T07:57:17Z" finished-at="2019-09-23T07:57:17Z">
    <groups>
    </groups>
    <test name="Command line test" duration-ms="7" started-at="2019-09-23T07:57:17Z" finished-at="2019-09-23T07:57:17Z">
      <class name="stock.AppTest">
        <test-method status="PASS" signature="testApp()[pri:0, instance:testApp(stock.AppTest)]" name="testApp" duration-ms="1" started-at="2019-09-23T07:57:17Z" finished-at="2019-09-23T07:57:17Z">
          <reporter-output>
          </reporter-output>
        </test-method> <!-- testApp -->
      </class> <!-- stock.AppTest -->
    </test> <!-- Command line test -->
  </suite> <!-- Command line suite -->
</testng-results>
